{
  "Cucumber Features": {
    "coverage": {
      "/home/ubuntu/workspace/term-project/app/controllers/application_controller.rb": [
        1,
        1,
        null
      ],
      "/home/ubuntu/workspace/term-project/app/helpers/application_helper.rb": [
        1,
        null
      ],
      "/home/ubuntu/workspace/term-project/app/helpers/exam_management_helper.rb": [
        1,
        null
      ],
      "/home/ubuntu/workspace/term-project/app/controllers/exam_management_controller.rb": [
        1,
        1,
        1,
        null,
        null,
        null,
        1,
        null,
        null,
        null,
        null,
        1,
        42,
        14,
        14,
        null,
        null,
        null,
        1,
        null,
        null,
        1,
        16,
        16,
        16,
        null,
        16,
        16,
        16,
        null,
        16,
        null,
        16,
        null,
        16,
        16,
        null,
        16,
        16,
        14,
        null,
        null,
        14,
        0,
        0,
        0,
        null,
        null,
        14,
        14,
        14,
        null,
        null,
        null,
        null,
        null,
        null,
        2,
        2,
        2,
        null,
        null,
        null,
        16,
        null,
        null,
        null,
        null,
        14,
        7,
        null,
        7,
        7,
        9,
        null,
        null,
        null,
        null,
        7,
        null,
        7,
        7,
        9,
        null,
        null,
        null,
        null,
        null,
        null,
        null,
        null,
        null,
        null,
        14,
        14,
        14,
        14,
        null,
        14,
        28,
        14,
        null,
        14,
        null,
        null,
        28,
        28,
        null,
        null,
        28,
        14,
        null,
        null,
        14,
        null,
        13,
        null,
        null,
        null,
        14,
        8,
        8,
        null,
        null,
        null,
        null,
        8,
        8,
        null,
        14,
        8,
        null,
        null,
        6,
        3,
        null,
        null,
        null,
        null,
        6,
        5,
        5,
        null,
        null,
        null,
        null,
        null,
        5,
        5,
        null,
        6,
        5,
        null,
        null,
        null,
        null,
        null,
        null,
        null,
        1,
        null,
        1,
        1,
        null,
        null,
        null,
        1,
        1,
        1,
        null,
        null,
        null,
        null,
        null,
        1,
        1,
        null,
        null,
        1,
        1,
        null,
        null,
        null,
        null,
        null,
        null,
        0,
        null,
        null,
        null,
        14,
        14,
        null,
        null,
        null,
        null,
        15,
        8,
        8,
        null,
        null,
        null,
        null,
        null,
        null,
        null,
        8,
        8,
        null,
        15,
        8,
        null,
        null,
        null,
        null,
        7,
        5,
        5,
        null,
        null,
        null,
        null,
        null,
        null,
        null,
        5,
        5,
        null,
        7,
        5,
        null,
        null,
        null,
        2,
        1,
        null,
        null,
        null,
        null,
        0,
        null,
        null,
        null,
        null,
        14,
        7,
        null,
        7,
        null,
        null,
        null,
        null,
        null,
        null,
        null,
        null,
        null,
        null,
        null,
        1,
        4,
        4,
        4,
        4,
        null,
        4,
        4,
        null,
        0,
        0,
        null,
        null,
        null,
        null,
        1,
        4,
        4,
        4,
        null,
        4,
        4,
        null,
        0,
        0,
        null,
        null,
        null,
        null,
        null,
        null,
        null,
        null,
        null,
        1,
        null,
        null,
        4,
        null,
        4,
        4,
        4,
        null,
        null,
        4,
        4,
        null,
        null,
        4,
        4,
        null,
        null,
        4,
        null,
        2,
        8,
        8,
        null,
        null,
        null,
        2,
        1,
        1,
        4,
        4,
        null,
        1,
        1,
        1,
        null,
        null,
        1,
        1,
        4,
        4,
        null,
        1,
        1,
        null,
        null,
        null,
        null,
        2,
        2,
        null,
        2,
        null,
        1,
        4,
        4,
        null,
        null,
        null,
        4,
        null,
        1,
        1,
        1,
        null,
        1,
        1,
        null,
        null,
        null,
        null,
        null,
        1,
        null,
        4,
        4,
        4,
        4,
        null,
        null,
        4,
        4,
        null,
        null,
        4,
        4,
        null,
        null,
        4,
        null,
        2,
        12,
        12,
        null,
        null,
        null,
        2,
        1,
        1,
        6,
        6,
        null,
        1,
        1,
        1,
        null,
        null,
        1,
        1,
        6,
        6,
        null,
        1,
        1,
        null,
        null,
        null,
        null,
        2,
        null,
        2,
        null,
        1,
        6,
        6,
        6,
        null,
        1,
        1,
        1,
        null,
        1,
        1,
        null,
        null,
        null,
        null,
        null,
        null,
        null,
        null,
        null,
        null,
        1,
        17,
        17,
        null,
        null,
        1,
        17,
        null,
        null,
        1,
        14,
        null,
        null,
        1,
        15,
        null,
        null,
        1,
        3,
        null,
        null,
        1,
        3,
        null,
        3,
        1,
        1,
        null,
        2,
        null,
        null,
        null,
        1,
        2,
        null,
        null,
        1,
        2,
        null,
        2,
        1,
        1,
        null,
        1,
        null,
        null,
        null,
        1,
        4,
        null,
        null,
        1,
        4,
        null,
        null,
        1,
        2,
        2,
        null,
        null,
        1,
        2,
        2,
        null,
        null,
        1,
        1,
        1,
        1,
        1,
        1,
        1,
        null,
        0,
        null,
        null,
        null,
        1,
        1,
        1,
        1,
        1,
        1,
        1,
        null,
        0,
        null,
        null,
        null,
        1,
        1,
        1,
        1,
        1,
        null,
        null,
        1,
        1,
        1,
        1,
        1,
        null,
        null,
        1,
        2,
        2,
        1,
        1,
        null,
        null,
        null,
        1,
        2,
        2,
        1,
        1,
        null,
        null,
        null,
        null
      ],
      "/home/ubuntu/workspace/term-project/app/models/location.rb": [
        1,
        1,
        1,
        1,
        1,
        null,
        null
      ],
      "/home/ubuntu/workspace/term-project/app/models/manage.rb": [
        1,
        1,
        null,
        null,
        1,
        1,
        37,
        null,
        null,
        1,
        15,
        null,
        null,
        null
      ],
      "/home/ubuntu/workspace/term-project/app/models/manages_final.rb": [
        1,
        1,
        null,
        null,
        1,
        1,
        37,
        null,
        null,
        1,
        15,
        null,
        null
      ],
      "/home/ubuntu/workspace/term-project/app/models/subject.rb": [
        1,
        1,
        1,
        1,
        null
      ]
    },
    "timestamp": 1433585294
  },
  "RSpec": {
    "coverage": {
      "/home/ubuntu/workspace/term-project/app/controllers/application_controller.rb": [
        1,
        1,
        null
      ],
      "/home/ubuntu/workspace/term-project/app/helpers/application_helper.rb": [
        1,
        null
      ],
      "/home/ubuntu/workspace/term-project/app/helpers/exam_management_helper.rb": [
        1,
        null
      ],
      "/home/ubuntu/workspace/term-project/app/controllers/exam_management_controller.rb": [
        1,
        1,
        1,
        null,
        null,
        null,
        1,
        null,
        null,
        null,
        null,
        1,
        40,
        16,
        16,
        null,
        null,
        null,
        1,
        null,
        null,
        1,
        12,
        12,
        12,
        null,
        12,
        12,
        12,
        null,
        12,
        null,
        12,
        null,
        12,
        12,
        null,
        12,
        12,
        12,
        null,
        null,
        12,
        0,
        0,
        0,
        null,
        null,
        12,
        12,
        16,
        null,
        null,
        null,
        null,
        null,
        null,
        0,
        0,
        0,
        null,
        null,
        null,
        12,
        null,
        null,
        null,
        null,
        12,
        6,
        null,
        6,
        8,
        8,
        null,
        null,
        null,
        null,
        6,
        null,
        6,
        8,
        8,
        null,
        null,
        null,
        null,
        null,
        null,
        null,
        null,
        null,
        null,
        12,
        12,
        12,
        12,
        null,
        12,
        26,
        13,
        null,
        13,
        null,
        null,
        26,
        26,
        null,
        null,
        26,
        13,
        null,
        null,
        12,
        null,
        11,
        null,
        null,
        null,
        13,
        7,
        7,
        null,
        null,
        null,
        null,
        7,
        7,
        null,
        13,
        7,
        null,
        null,
        6,
        3,
        null,
        null,
        null,
        null,
        6,
        4,
        4,
        null,
        null,
        null,
        null,
        null,
        4,
        4,
        null,
        6,
        4,
        null,
        null,
        null,
        null,
        null,
        null,
        null,
        1,
        null,
        1,
        1,
        null,
        null,
        null,
        1,
        1,
        1,
        null,
        null,
        null,
        null,
        null,
        1,
        1,
        null,
        null,
        1,
        1,
        null,
        null,
        null,
        null,
        null,
        null,
        1,
        null,
        null,
        null,
        13,
        13,
        null,
        null,
        null,
        null,
        15,
        7,
        7,
        null,
        null,
        null,
        null,
        null,
        null,
        null,
        7,
        7,
        null,
        15,
        7,
        null,
        null,
        null,
        null,
        8,
        5,
        5,
        null,
        null,
        null,
        null,
        null,
        null,
        null,
        5,
        5,
        null,
        8,
        5,
        null,
        null,
        null,
        3,
        1,
        null,
        null,
        null,
        null,
        0,
        null,
        null,
        null,
        null,
        12,
        6,
        null,
        6,
        null,
        null,
        null,
        null,
        null,
        null,
        null,
        null,
        null,
        null,
        null,
        1,
        7,
        7,
        5,
        5,
        null,
        5,
        5,
        null,
        2,
        2,
        null,
        null,
        null,
        null,
        1,
        5,
        5,
        5,
        null,
        5,
        5,
        null,
        0,
        0,
        null,
        null,
        null,
        null,
        null,
        null,
        null,
        null,
        null,
        1,
        null,
        null,
        4,
        null,
        4,
        4,
        4,
        null,
        null,
        4,
        4,
        null,
        null,
        4,
        4,
        null,
        null,
        4,
        null,
        2,
        8,
        8,
        null,
        null,
        null,
        2,
        1,
        1,
        4,
        4,
        null,
        1,
        1,
        1,
        null,
        null,
        1,
        1,
        4,
        4,
        null,
        1,
        1,
        null,
        null,
        null,
        null,
        2,
        2,
        null,
        2,
        null,
        1,
        4,
        4,
        null,
        null,
        null,
        4,
        null,
        1,
        1,
        1,
        null,
        1,
        1,
        null,
        null,
        null,
        null,
        null,
        1,
        null,
        4,
        4,
        4,
        4,
        null,
        null,
        4,
        4,
        null,
        null,
        4,
        4,
        null,
        null,
        4,
        null,
        2,
        12,
        12,
        null,
        null,
        null,
        2,
        1,
        1,
        6,
        6,
        null,
        1,
        1,
        1,
        null,
        null,
        1,
        1,
        6,
        6,
        null,
        1,
        1,
        null,
        null,
        null,
        null,
        2,
        null,
        2,
        null,
        1,
        6,
        6,
        6,
        null,
        1,
        1,
        1,
        null,
        1,
        1,
        null,
        null,
        null,
        null,
        null,
        null,
        null,
        null,
        null,
        null,
        1,
        0,
        0,
        null,
        null,
        1,
        0,
        null,
        null,
        1,
        2,
        null,
        null,
        1,
        2,
        null,
        null,
        1,
        2,
        null,
        null,
        1,
        2,
        null,
        2,
        1,
        1,
        null,
        1,
        null,
        null,
        null,
        1,
        2,
        null,
        null,
        1,
        2,
        null,
        2,
        1,
        1,
        null,
        1,
        null,
        null,
        null,
        1,
        1,
        null,
        null,
        1,
        1,
        null,
        null,
        1,
        0,
        0,
        null,
        null,
        1,
        0,
        0,
        null,
        null,
        1,
        2,
        2,
        2,
        1,
        1,
        1,
        null,
        1,
        null,
        null,
        null,
        1,
        2,
        2,
        2,
        1,
        1,
        1,
        null,
        1,
        null,
        null,
        null,
        1,
        1,
        1,
        1,
        1,
        null,
        null,
        1,
        1,
        1,
        1,
        1,
        null,
        null,
        1,
        2,
        2,
        1,
        1,
        null,
        null,
        null,
        1,
        2,
        2,
        1,
        1,
        null,
        null,
        null,
        null
      ],
      "/home/ubuntu/workspace/term-project/app/models/location.rb": [
        1,
        1,
        1,
        1,
        1,
        null,
        null
      ],
      "/home/ubuntu/workspace/term-project/app/models/manage.rb": [
        1,
        1,
        null,
        null,
        1,
        1,
        15,
        null,
        null,
        1,
        13,
        null,
        null,
        null
      ],
      "/home/ubuntu/workspace/term-project/app/models/manages_final.rb": [
        1,
        1,
        null,
        null,
        1,
        1,
        15,
        null,
        null,
        1,
        13,
        null,
        null
      ],
      "/home/ubuntu/workspace/term-project/app/models/subject.rb": [
        1,
        1,
        1,
        1,
        null
      ]
    },
    "timestamp": 1433587064
  }
}
