{
  "Cucumber Features": {
    "coverage": {
      "/home/ubuntu/workspace/term-project/app/controllers/application_controller.rb": [
        1,
        1,
        null
      ],
      "/home/ubuntu/workspace/term-project/app/helpers/application_helper.rb": [
        1,
        null
      ],
      "/home/ubuntu/workspace/term-project/app/helpers/exam_management_helper.rb": [
        1,
        null
      ],
      "/home/ubuntu/workspace/term-project/app/controllers/exam_management_controller.rb": [
        1,
        1,
        1,
        null,
        null,
        null,
        1,
        null,
        null,
        null,
        null,
        1,
        12,
        4,
        4,
        null,
        null,
        null,
        1,
        null,
        null,
        1,
        5,
        5,
        5,
        null,
        5,
        5,
        5,
        null,
        5,
        null,
        5,
        5,
        null,
        5,
        5,
        4,
        null,
        null,
        4,
        0,
        0,
        0,
        null,
        null,
        4,
        4,
        4,
        null,
        null,
        null,
        null,
        null,
        null,
        1,
        1,
        1,
        null,
        null,
        null,
        5,
        null,
        null,
        null,
        null,
        4,
        null,
        4,
        4,
        4,
        null,
        null,
        null,
        null,
        null,
        null,
        null,
        null,
        4,
        4,
        4,
        null,
        4,
        null,
        8,
        8,
        8,
        0,
        null,
        null,
        8,
        null,
        null,
        8,
        null,
        8,
        null,
        6,
        null,
        null,
        null,
        6,
        4,
        4,
        4,
        4,
        null,
        6,
        0,
        null,
        null,
        6,
        4,
        4,
        4,
        4,
        null,
        6,
        0,
        null,
        null,
        6,
        4,
        4,
        4,
        4,
        null,
        6,
        0,
        null,
        null,
        6,
        4,
        4,
        4,
        4,
        null,
        6,
        4,
        null,
        null,
        2,
        2,
        null,
        null,
        null,
        null,
        2,
        2,
        2,
        2,
        2,
        null,
        2,
        0,
        null,
        null,
        2,
        2,
        2,
        2,
        2,
        null,
        2,
        0,
        null,
        null,
        2,
        2,
        2,
        2,
        2,
        null,
        2,
        0,
        null,
        null,
        2,
        2,
        2,
        2,
        2,
        null,
        null,
        2,
        2,
        null,
        null,
        null,
        null,
        null,
        null,
        null,
        2,
        null,
        null,
        2,
        2,
        null,
        null,
        null,
        2,
        2,
        2,
        2,
        2,
        null,
        2,
        0,
        null,
        null,
        null,
        2,
        2,
        2,
        2,
        2,
        null,
        2,
        0,
        null,
        null,
        null,
        2,
        2,
        2,
        2,
        2,
        null,
        2,
        0,
        null,
        null,
        null,
        2,
        2,
        2,
        2,
        2,
        null,
        2,
        2,
        null,
        null,
        null,
        null,
        null,
        null,
        null,
        0,
        null,
        null,
        null,
        null,
        4,
        null,
        null,
        null,
        null,
        1,
        11,
        null,
        null,
        1,
        14,
        null,
        null,
        1,
        15,
        null,
        null,
        1,
        3,
        null,
        null,
        1,
        3,
        null,
        3,
        1,
        1,
        null,
        2,
        null,
        null,
        null,
        1,
        2,
        null,
        null,
        1,
        2,
        null,
        2,
        1,
        1,
        null,
        1,
        null,
        null,
        null,
        1,
        4,
        null,
        null,
        1,
        4,
        null,
        null,
        1,
        2,
        2,
        null,
        null,
        1,
        2,
        2,
        null,
        null,
        1,
        1,
        1,
        1,
        1,
        1,
        1,
        null,
        0,
        null,
        null,
        null,
        1,
        1,
        1,
        1,
        1,
        1,
        1,
        null,
        0,
        null,
        null,
        null,
        1,
        1,
        1,
        1,
        1,
        null,
        null,
        1,
        1,
        1,
        1,
        1,
        null,
        null,
        1,
        2,
        2,
        1,
        1,
        null,
        null,
        null,
        1,
        2,
        2,
        1,
        1,
        null,
        null,
        null,
        null
      ],
      "/home/ubuntu/workspace/term-project/app/models/location.rb": [
        1,
        1,
        1,
        1,
        1,
        null,
        null
      ],
      "/home/ubuntu/workspace/term-project/app/models/manage.rb": [
        1,
        1,
        null,
        null,
        1,
        1,
        19,
        null,
        null,
        1,
        6,
        null,
        null,
        null
      ],
      "/home/ubuntu/workspace/term-project/app/models/subject.rb": [
        1,
        1,
        1,
        1,
        null
      ]
    },
    "timestamp": 1430080543
  },
  "RSpec": {
    "coverage": {
      "/home/ubuntu/workspace/term-project/app/controllers/application_controller.rb": [
        1,
        1,
        null
      ],
      "/home/ubuntu/workspace/term-project/app/helpers/application_helper.rb": [
        1,
        null
      ],
      "/home/ubuntu/workspace/term-project/app/helpers/exam_management_helper.rb": [
        1,
        null
      ],
      "/home/ubuntu/workspace/term-project/app/controllers/exam_management_controller.rb": [
        1,
        1,
        null,
        null,
        null,
        1,
        null,
        null,
        null,
        1,
        0,
        0,
        null,
        null,
        1,
        2,
        null,
        null,
        1,
        2,
        null,
        null,
        1,
        2,
        null,
        null,
        1,
        2,
        null,
        2,
        1,
        1,
        null,
        1,
        null,
        null,
        null,
        1,
        2,
        null,
        null,
        1,
        2,
        null,
        2,
        1,
        1,
        null,
        1,
        null,
        null,
        null,
        1,
        1,
        null,
        null,
        1,
        1,
        null,
        null,
        1,
        0,
        0,
        null,
        null,
        1,
        0,
        0,
        null,
        null,
        1,
        2,
        2,
        2,
        1,
        1,
        1,
        null,
        1,
        null,
        null,
        null,
        1,
        2,
        2,
        2,
        1,
        1,
        1,
        null,
        1,
        null,
        null,
        null,
        1,
        1,
        1,
        1,
        1,
        null,
        null,
        1,
        1,
        1,
        1,
        1,
        null,
        null,
        1,
        2,
        2,
        1,
        1,
        null,
        null,
        null,
        1,
        2,
        2,
        1,
        1,
        null,
        null,
        null,
        null
      ],
      "/home/ubuntu/workspace/term-project/app/models/location.rb": [
        1,
        1,
        1,
        1,
        1,
        null,
        null
      ],
      "/home/ubuntu/workspace/term-project/app/models/manage.rb": [
        1,
        1,
        null,
        null
      ],
      "/home/ubuntu/workspace/term-project/app/models/subject.rb": [
        1,
        1,
        1,
        1,
        null
      ]
    },
    "timestamp": 1430043915
  }
}
